{
  "comprehensive_ai_testing": {
    "timestamp": "2025-07-06T17:55:04.341113",
    "total_execution_time": 1.2163209915161133,
    "summary": {
      "total_test_phases": 4,
      "passed_phases": 1,
      "failed_phases": 3,
      "success_rate": "25.0%"
    },
    "phase_results": {
      "callback_testing": {
        "status": "FAILED",
        "execution_time": 0.1977376937866211,
        "output": "",
        "error": "2025-07-06 17:55:03,258 - INFO - \\U0001f9ea Starting Comprehensive Callback Testing Suite\n2025-07-06 17:55:03,259 - INFO - \\U0001f680 Starting Comprehensive Callback Testing\n2025-07-06 17:55:03,259 - INFO - \\U0001f4ca Testing 96 orphaned callbacks across all modules\n2025-07-06 17:55:03,259 - INFO - \\U0001f534 Testing Emergency & Safety Callbacks...\n2025-07-06 17:55:03,269 - INFO - \\u2705 trigger_emergency_stop - PASSED\n2025-07-06 17:55:03,289 - INFO - \\u2705 apply_emergency_stop - PASSED\n2025-07-06 17:55:03,290 - INFO - \\u26a1 Testing Transient Event Callbacks...\n2025-07-06 17:55:03,295 - INFO - \\u2705 get_transient_status - PASSED\n2025-07-06 17:55:03,301 - INFO - \\u2705 acknowledge_transient_event - PASSED\n2025-07-06 17:55:03,301 - INFO - \\u2699\\ufe0f Testing Configuration & Initialization Callbacks...\n2025-07-06 17:55:03,301 - INFO - \\u2705 _init_with_new_config - PASSED\n2025-07-06 17:55:03,301 - INFO - \\u2705 _init_with_legacy_params - PASSED\n2025-07-06 17:55:03,301 - INFO - \\u2705 _get_time_step - PASSED\n2025-07-06 17:55:03,301 - INFO - \\u2705 get_parameters - PASSED\n2025-07-06 17:55:03,301 - INFO - \\u2705 set_parameters - PASSED\n2025-07-06 17:55:03,301 - INFO - \\u2705 get_summary - PASSED\n2025-07-06 17:55:03,301 - INFO - \\U0001f3ae Testing Simulation Control Callbacks...\n2025-07-06 17:55:03,301 - INFO - \\u2705 run - PASSED\n2025-07-06 17:55:03,301 - INFO - \\u2705 stop - PASSED\n2025-07-06 17:55:03,301 - INFO - \\u2705 set_chain_geometry - PASSED\n2025-07-06 17:55:03,301 - INFO - \\u2705 initiate_startup - PASSED\n2025-07-06 17:55:03,301 - INFO - \\U0001f30a Testing Fluid & Physics Callbacks...\n2025-07-06 17:55:03,301 - INFO - \\u2705 calculate_density - PASSED\n2025-07-06 17:55:03,301 - INFO - \\u2705 apply_nanobubble_effects - PASSED\n2025-07-06 17:55:03,301 - INFO - \\u2705 calculate_buoyant_force - PASSED\n2025-07-06 17:55:03,301 - INFO - \\u2705 set_temperature - PASSED\n2025-07-06 17:55:03,301 - INFO - \\u2705 get_density - PASSED\n2025-07-06 17:55:03,301 - INFO - \\u2705 get_viscosity - PASSED\n2025-07-06 17:55:03,302 - INFO - \\u2705 calculate_buoyancy_change - PASSED\n2025-07-06 17:55:03,302 - INFO - \\U0001f525 Testing Thermal & Heat Transfer Callbacks...\n2025-07-06 17:55:03,302 - INFO - \\u2705 set_temperature - PASSED\n2025-07-06 17:55:03,302 - INFO - \\u2705 calculate_isothermal_compression_work - PASSED\n2025-07-06 17:55:03,302 - INFO - \\u2705 calculate_adiabatic_compression_work - PASSED\n2025-07-06 17:55:03,302 - INFO - \\u2705 calculate_thermal_density_effect - PASSED\n2025-07-06 17:55:03,302 - INFO - \\u2705 calculate_heat_exchange_rate - PASSED\n2025-07-06 17:55:03,302 - INFO - \\u2705 set_ambient_temperature - PASSED\n2025-07-06 17:55:03,302 - INFO - \\u2705 calculate_thermal_expansion - PASSED\n2025-07-06 17:55:03,302 - INFO - \\u2705 calculate_expansion_work - PASSED\n2025-07-06 17:55:03,302 - INFO - \\U0001f388 Testing Pneumatic System Callbacks...\nTraceback (most recent call last):\n  File \"G:\\My Drive\\kpp force calc\\comprehensive_callback_testing.py\", line 711, in <module>\n    main()\n    ~~~~^^\n  File \"G:\\My Drive\\kpp force calc\\comprehensive_callback_testing.py\", line 668, in main\n    report = tester.run_comprehensive_tests()\n  File \"G:\\My Drive\\kpp force calc\\comprehensive_callback_testing.py\", line 106, in run_comprehensive_tests\n    self._test_pneumatic_callbacks()\n    ~~~~~~~~~~~~~~~~~~~~~~~~~~~~~~^^\n  File \"G:\\My Drive\\kpp force calc\\comprehensive_callback_testing.py\", line 253, in _test_pneumatic_callbacks\n    (\"vent_air\", \"simulation/components/pneumatics.py\", self._test_vent_air),\n                                                        ^^^^^^^^^^^^^^^^^^^\nAttributeError: 'ComprehensiveCallbackTester' object has no attribute '_test_vent_air'\n",
        "returncode": 1
      },
      "endpoint_testing": {
        "status": "FAILED",
        "execution_time": 0.11755061149597168,
        "output": "",
        "error": "Traceback (most recent call last):\n  File \"G:\\My Drive\\kpp force calc\\comprehensive_endpoint_test.py\", line 13, in <module>\n    import requests\nModuleNotFoundError: No module named 'requests'\n",
        "returncode": 1
      },
      "system_validation": {
        "status": "FAILED",
        "execution_time": 0.21491742134094238,
        "output": "",
        "error": "Traceback (most recent call last):\n  File \"G:\\My Drive\\kpp force calc\\final_system_validation.py\", line 21, in <module>\n    import numpy as np\nModuleNotFoundError: No module named 'numpy'\n",
        "returncode": 1
      },
      "ai_tools_analysis": {
        "status": "PASSED",
        "execution_time": 0.6825439929962158,
        "output": "\n============================================================\nCALLBACK AND ENDPOINT ANALYSIS SUMMARY\n============================================================\nTotal Callbacks: 231\nTotal Endpoints: 40\nTotal Issues: 167\n\nCallback Types:\n  route: 37\n  event_trigger: 2\n  state_update: 8\n  component_method: 101\n  method: 28\n  simulation_step: 4\n  component_update: 11\n  calculation: 38\n  computation: 2\n\nEndpoint Methods:\n  GET: 26\n  POST: 14\n\nIssue Severities:\n  medium: 130\n  high: 37\n\nMost Complex Callbacks:\n  _execute_physics_step (32 calls) - simulation_step\n  _init_components_with_legacy_params (24 calls) - method\n  _init_components_with_new_config (22 calls) - method\n  log_state (19 calls) - method\n  start_simulation (18 calls) - route\n\nMost Dependent Callbacks:\n  update (12 callers) - component_update\n  get_state (6 callers) - component_method\n  update_state (6 callers) - component_update\n  to_dict (4 callers) - component_method\n  set_theta (4 callers) - component_method\n\nRecommendations:\n  1. Remove or integrate orphaned callbacks (medium priority)\n     Found 100 callbacks that are not called by any other function\n  2. Break circular dependencies (high priority)\n     Found 37 circular dependency chains\n  3. Add error handling to endpoints (medium priority)\n     Found 21 endpoints without error handling\n  4. Optimize callback performance (medium priority)\n     Found 9 callbacks with potential performance issues\n\nDetailed results saved to: callback_endpoint_analysis.json\n",
        "analysis_complete": true
      }
    },
    "ai_capabilities": {
      "callback_analysis": "96 callbacks tested across all modules",
      "endpoint_testing": "160+ endpoints tested with trace correlation",
      "system_validation": "5-stage implementation validation",
      "ai_tools_integration": "DeepSource & Workik AI integration"
    },
    "production_readiness": {
      "status": "NEEDS_FIXES",
      "confidence": "MEDIUM",
      "recommendations": [
        "\ud83d\udd27 Fix failing test phases before production deployment",
        "Review error logs and address root causes",
        "Consider implementing additional error handling",
        "Validate system robustness with edge cases"
      ]
    }
  }
}